#
# There is insufficient memory for the Java Runtime Environment to continue.
# Native memory allocation (mmap) failed to map 134217728 bytes for Failed to commit area from 0x0000000081400000 to 0x0000000089400000 of length 134217728.
# Possible reasons:
#   The system is out of physical RAM or swap space
#   The process is running with CompressedOops enabled, and the Java Heap may be blocking the growth of the native heap
# Possible solutions:
#   Reduce memory load on the system
#   Increase physical memory or swap space
#   Check if swap backing store is full
#   Decrease Java heap size (-Xmx/-Xms)
#   Decrease number of Java threads
#   Decrease Java thread stack sizes (-Xss)
#   Set larger code cache with -XX:ReservedCodeCacheSize=
# This output file may be truncated or incomplete.
#
#  Out of Memory Error (./src/hotspot/os/windows/os_windows.cpp:3301), pid=10340, tid=11744
#
# JRE version:  (11.0.10+9) (build )
# Java VM: Dynamic Code Evolution 64-Bit Server VM (11.0.10+9-b1341.41, mixed mode, sharing, tiered, compressed oops, g1 gc, windows-amd64)
# No core dump will be written. Minidumps are not enabled by default on client versions of Windows
#

---------------  S U M M A R Y ------------

Command Line: org.jetbrains.git4idea.http.GitAskPassApp Username for 'https://github.com': 

Host: Intel(R) Pentium(R) CPU G3420 @ 3.20GHz, 2 cores, 7G,  Windows 7 , 64 bit Build 7601 (6.1.7601.23796)
Time: Fri May 21 14:41:45 2021 ¢¥eCN©öI¡¾©ö C¡ÍA¨ª¨öA elapsed time: 0.011641 seconds (0d 0h 0m 0s)

---------------  T H R E A D  ---------------

Current thread (0x0000000000482000):  JavaThread "Unknown thread" [_thread_in_vm, id=11744, stack(0x0000000001fe0000,0x00000000020e0000)]

Stack: [0x0000000001fe0000,0x00000000020e0000]
Native frames: (J=compiled Java code, j=interpreted, Vv=VM code, C=native code)
V  [jvm.dll+0x5f84fa]
V  [jvm.dll+0x77e085]
V  [jvm.dll+0x77f5dd]
V  [jvm.dll+0x77fc93]
V  [jvm.dll+0x2457e8]
V  [jvm.dll+0x5f58f4]
V  [jvm.dll+0x5ea975]
V  [jvm.dll+0x30228b]
V  [jvm.dll+0x3021fa]
V  [jvm.dll+0x3020d2]
V  [jvm.dll+0x306fb6]
V  [jvm.dll+0x34f843]
V  [jvm.dll+0x34ff46]
V  [jvm.dll+0x34f943]
V  [jvm.dll+0x2dbcb8]
V  [jvm.dll+0x2dce57]
V  [jvm.dll+0x75c4d7]
V  [jvm.dll+0x75dd6c]
V  [jvm.dll+0x35cdb9]
V  [jvm.dll+0x73fc9e]
V  [jvm.dll+0x3c5663]
V  [jvm.dll+0x3c7a21]
C  [jli.dll+0x5373]
C  [ucrtbase.DLL+0x6be1d]
C  [kernel32.dll+0x159cd]
C  [ntdll.dll+0x2a561]


---------------  P R O C E S S  ---------------

Threads class SMR info:
_java_thread_list=0x000000000045d5d0, length=0, elements={
}

Java Threads: ( => current thread )

Other Threads:
  0x000000000049c000 GCTaskThread "GC Thread#0" [stack: 0x00000000153f0000,0x00000000154f0000] [id=10484]
  0x00000000004cc000 ConcurrentGCThread "G1 Main Marker" [stack: 0x000000001a340000,0x000000001a440000] [id=7860]
  0x00000000004cf800 ConcurrentGCThread "G1 Conc#0" [stack: 0x000000001a1e0000,0x000000001a2e0000] [id=5848]

[error occurred during error reporting (printing all threads), id 0xc0000005, EXCEPTION_ACCESS_VIOLATION (0xc0000005) at pc=0x000007fec69dc437]

VM state:not at safepoint (not fully initialized)

VM Mutex/Monitor currently owned by a thread:  ([mutex/lock_event])
[0x000000000047f720] Heap_lock - owner thread: 0x0000000000482000

Heap address: 0x0000000081400000, size: 2028 MB, Compressed Oops mode: Non-zero based: 0x0000000081400000
Narrow klass base: 0x0000000000000000, Narrow klass shift: 0

GC Heap History (0 events):
No events

Deoptimization events (0 events):
No events

Classes redefined (0 events):
No events

Internal exceptions (0 events):
No events

Events (1 events):
Event: 0.008 Loaded shared library C:\Users\Administrator\AppData\Local\JetBrains\Toolbox\apps\IDEA-C\ch-0\211.7142.45\jbr\bin\zip.dll


Dynamic libraries:
0x000000013f6f0000 - 0x000000013f6fa000 	C:\Users\Administrator\AppData\Local\JetBrains\Toolbox\apps\IDEA-C\ch-0\211.7142.45\jbr\bin\java.exe
0x0000000077260000 - 0x000000007740a000 	C:\Windows\SYSTEM32\ntdll.dll
0x0000000077040000 - 0x000000007715f000 	C:\Windows\system32\kernel32.dll
0x000007fefd240000 - 0x000007fefd2aa000 	C:\Windows\system32\KERNELBASE.dll
0x000007fee65c0000 - 0x000007fee65d9000 	C:\Users\Administrator\AppData\Local\JetBrains\Toolbox\apps\IDEA-C\ch-0\211.7142.45\jbr\bin\jli.dll
0x000007fefb2c0000 - 0x000007fefb4b4000 	C:\Windows\WinSxS\amd64_microsoft.windows.common-controls_6595b64144ccf1df_6.0.7601.18837_none_fa3b1e3d17594757\COMCTL32.dll
0x000007fefe890000 - 0x000007fefe92f000 	C:\Windows\system32\msvcrt.dll
0x000007fefe930000 - 0x000007fefe997000 	C:\Windows\system32\GDI32.dll
0x0000000077160000 - 0x000000007725a000 	C:\Windows\system32\USER32.dll
0x000007fefd4f0000 - 0x000007fefd4fe000 	C:\Windows\system32\LPK.dll
0x000007fefece0000 - 0x000007fefedaa000 	C:\Windows\system32\USP10.dll
0x000007fefe590000 - 0x000007fefe601000 	C:\Windows\system32\SHLWAPI.dll
0x000007fee62f0000 - 0x000007fee6307000 	C:\Users\Administrator\AppData\Local\JetBrains\Toolbox\apps\IDEA-C\ch-0\211.7142.45\jbr\bin\VCRUNTIME140.dll
0x000007fee6ba0000 - 0x000007fee6ba4000 	C:\Windows\system32\api-ms-win-crt-runtime-l1-1-0.dll
0x000007fee6aa0000 - 0x000007fee6b94000 	C:\Windows\system32\ucrtbase.DLL
0x000007fee6a90000 - 0x000007fee6a93000 	C:\Windows\system32\api-ms-win-core-timezone-l1-1-0.dll
0x000007fee6a80000 - 0x000007fee6a83000 	C:\Windows\system32\api-ms-win-core-file-l2-1-0.dll
0x000007fee6a70000 - 0x000007fee6a73000 	C:\Windows\system32\api-ms-win-core-localization-l1-2-0.dll
0x000007fefc1a0000 - 0x000007fefc1a3000 	C:\Windows\system32\api-ms-win-core-synch-l1-2-0.dll
0x000007fee6a60000 - 0x000007fee6a63000 	C:\Windows\system32\api-ms-win-core-processthreads-l1-1-1.dll
0x000007fee6a50000 - 0x000007fee6a53000 	C:\Windows\system32\api-ms-win-core-file-l1-2-0.dll
0x000007fee6a30000 - 0x000007fee6a34000 	C:\Windows\system32\api-ms-win-crt-string-l1-1-0.dll
0x000007fee6a40000 - 0x000007fee6a43000 	C:\Windows\system32\api-ms-win-crt-heap-l1-1-0.dll
0x000007fee6a00000 - 0x000007fee6a04000 	C:\Windows\system32\api-ms-win-crt-stdio-l1-1-0.dll
0x000007fee69f0000 - 0x000007fee69f4000 	C:\Windows\system32\api-ms-win-crt-convert-l1-1-0.dll
0x000007fee9370000 - 0x000007fee9373000 	C:\Windows\system32\api-ms-win-crt-environment-l1-1-0.dll
0x000007fee69b0000 - 0x000007fee69b3000 	C:\Windows\system32\api-ms-win-crt-filesystem-l1-1-0.dll
0x000007fee69d0000 - 0x000007fee69d5000 	C:\Windows\system32\api-ms-win-crt-math-l1-1-0.dll
0x000007fee9380000 - 0x000007fee9383000 	C:\Windows\system32\api-ms-win-crt-locale-l1-1-0.dll
0x000007fefd500000 - 0x000007fefd52e000 	C:\Windows\system32\IMM32.DLL
0x000007fefebd0000 - 0x000007fefecd9000 	C:\Windows\system32\MSCTF.dll
0x000007fee6250000 - 0x000007fee62ed000 	C:\Users\Administrator\AppData\Local\JetBrains\Toolbox\apps\IDEA-C\ch-0\211.7142.45\jbr\bin\msvcp140.dll
0x000007fee69a0000 - 0x000007fee69a5000 	C:\Windows\system32\api-ms-win-crt-multibyte-l1-1-0.dll
0x000007fee69c0000 - 0x000007fee69c3000 	C:\Windows\system32\api-ms-win-crt-time-l1-1-0.dll
0x000007fee69e0000 - 0x000007fee69e3000 	C:\Windows\system32\api-ms-win-crt-utility-l1-1-0.dll
0x000007fec66f0000 - 0x000007fec723f000 	C:\Users\Administrator\AppData\Local\JetBrains\Toolbox\apps\IDEA-C\ch-0\211.7142.45\jbr\bin\server\jvm.dll
0x000007fefd310000 - 0x000007fefd3eb000 	C:\Windows\system32\ADVAPI32.dll
0x000007fefe870000 - 0x000007fefe88f000 	C:\Windows\SYSTEM32\sechost.dll
0x000007fefeaa0000 - 0x000007fefebcd000 	C:\Windows\system32\RPCRT4.dll
0x000007fef7590000 - 0x000007fef7599000 	C:\Windows\system32\WSOCK32.dll
0x000007feff390000 - 0x000007feff3dd000 	C:\Windows\system32\WS2_32.dll
0x000007feff380000 - 0x000007feff388000 	C:\Windows\system32\NSI.dll
0x000007fefaa10000 - 0x000007fefaa4b000 	C:\Windows\system32\WINMM.dll
0x000007fefc1b0000 - 0x000007fefc1bc000 	C:\Windows\system32\VERSION.dll
0x0000000077420000 - 0x0000000077427000 	C:\Windows\system32\PSAPI.DLL
0x000007fef9d20000 - 0x000007fef9d31000 	C:\Users\Administrator\AppData\Local\JetBrains\Toolbox\apps\IDEA-C\ch-0\211.7142.45\jbr\bin\verify.dll
0x000007feeff80000 - 0x000007fef00a5000 	C:\Windows\system32\DBGHELP.DLL
0x000007fef9cf0000 - 0x000007fef9d19000 	C:\Users\Administrator\AppData\Local\JetBrains\Toolbox\apps\IDEA-C\ch-0\211.7142.45\jbr\bin\java.dll
0x000007fef9c30000 - 0x000007fef9c3b000 	C:\Users\Administrator\AppData\Local\JetBrains\Toolbox\apps\IDEA-C\ch-0\211.7142.45\jbr\bin\jimage.dll
0x000007fef9c10000 - 0x000007fef9c28000 	C:\Users\Administrator\AppData\Local\JetBrains\Toolbox\apps\IDEA-C\ch-0\211.7142.45\jbr\bin\zip.dll

dbghelp: loaded successfully - version: 4.0.5 - missing functions: none
symbol engine: initialized successfully - sym options: 0x614 - pdb path: .;C:\Users\Administrator\AppData\Local\JetBrains\Toolbox\apps\IDEA-C\ch-0\211.7142.45\jbr\bin;C:\Windows\SYSTEM32;C:\Windows\WinSxS\amd64_microsoft.windows.common-controls_6595b64144ccf1df_6.0.7601.18837_none_fa3b1e3d17594757;C:\Users\Administrator\AppData\Local\JetBrains\Toolbox\apps\IDEA-C\ch-0\211.7142.45\jbr\bin\server

VM Arguments:
java_command: org.jetbrains.git4idea.http.GitAskPassApp Username for 'https://github.com': 
java_class_path (initial): C:/Users/Administrator/AppData/Local/JetBrains/Toolbox/apps/IDEA-C/ch-0/211.7142.45/plugins/git4idea/lib/git4idea-rt.jar;C:/Users/Administrator/AppData/Local/JetBrains/Toolbox/apps/IDEA-C/ch-0/211.7142.45/lib/xmlrpc-2.0.1.jar;C:/Users/Administrator/AppData/Local/JetBrains/Toolbox/apps/IDEA-C/ch-0/211.7142.45/lib/commons-codec-1.15.jar
Launcher Type: SUN_STANDARD

[Global flags]
     intx CICompilerCount                          = 2                                         {product} {ergonomic}
     uint ConcGCThreads                            = 1                                         {product} {ergonomic}
     uint G1ConcRefinementThreads                  = 2                                         {product} {ergonomic}
   size_t G1HeapRegionSize                         = 1048576                                   {product} {ergonomic}
    uintx GCDrainStackTargetSize                   = 64                                        {product} {ergonomic}
   size_t InitialHeapSize                          = 134217728                                 {product} {ergonomic}
   size_t MarkStackSize                            = 4194304                                   {product} {ergonomic}
   size_t MaxHeapSize                              = 2126512128                                {product} {ergonomic}
   size_t MinHeapDeltaBytes                        = 1048576                                   {product} {ergonomic}
    uintx NonNMethodCodeHeapSize                   = 5825164                                {pd product} {ergonomic}
    uintx NonProfiledCodeHeapSize                  = 122916538                              {pd product} {ergonomic}
    uintx ProfiledCodeHeapSize                     = 122916538                              {pd product} {ergonomic}
    uintx ReservedCodeCacheSize                    = 251658240                              {pd product} {ergonomic}
     bool SegmentedCodeCache                       = true                                      {product} {ergonomic}
     bool UseCompressedClassPointers               = true                                 {lp64_product} {ergonomic}
     bool UseCompressedOops                        = true                                 {lp64_product} {ergonomic}
     bool UseG1GC                                  = true                                      {product} {ergonomic}
     bool UseLargePagesIndividualAllocation        = false                                  {pd product} {ergonomic}

Logging:
Log output configuration:
 #0: stdout all=warning uptime,level,tags
 #1: stderr all=off uptime,level,tags

Environment Variables:
JAVA_HOME=C:\Program Files\Java\jdk1.8.0_161
PATH=C:\Program Files\Git\mingw64\libexec\git-core;C:\Program Files\Git\mingw64\libexec\git-core;C:\Program Files\Git\mingw64\bin;C:\Program Files\Git\usr\bin;C:\Users\Administrator\bin;C:\Program Files\AdoptOpenJDK\jdk-8.0.292.10-hotspot\bin;C:\ProgramData\Oracle\Java\javapath;C:\Program Files (x86)\Intel\iCLS Client;C:\Program Files\Intel\iCLS Client;C:\Windows\system32;C:\Windows;C:\Windows\System32\Wbem;C:\Windows\System32\WindowsPowerShell\v1.0;C:\Program Files\Intel\Intel(R) Management Engine Components\DAL;C:\Program Files\Intel\Intel(R) Management Engine Components\IPT;C:\Program Files (x86)\Intel\Intel(R) Management Engine Components\DAL;C:\Program Files (x86)\Intel\Intel(R) Management Engine Components\IPT;C:\Program Files (x86)\QuickTime\QTSystem;C:\Program Files (x86)\Microsoft SQL Server\90\Tools\binn;C:\Program Files\Java\jdk1.8.0_161\bin;C:\Program Files\Calibre2;C:\Program Files (x86)\NVIDIA Corporation\PhysX\Common;C:\Program Files\dotnet;C:\Program Files\Microsoft SQL Server\130\Tools\Binn;C:\Program Files\Microsoft SQL Server\Client SDK\ODBC\170\Tools\Binn;C:\Program Files\Microsoft VS Code\bin;C:\Program Files\Git\cmd;C:\Program Files\Microsoft VS Code\bin
USERNAME=Administrator
DISPLAY=:0.0
LC_ALL=en_US.UTF-8
OS=Windows_NT
PROCESSOR_IDENTIFIER=Intel64 Family 6 Model 60 Stepping 3, GenuineIntel



---------------  S Y S T E M  ---------------

OS: Windows 7 , 64 bit Build 7601 (6.1.7601.23796)
OS uptime: 0 days 5:15 hours

CPU:total 2 (initial active 2) (2 cores per cpu, 1 threads per core) family 6 model 60 stepping 3 microcode 0x0, cmov, cx8, fxsr, mmx, sse, sse2, sse3, ssse3, sse4.1, sse4.2, popcnt, clmul, erms, lzcnt, tsc, tscinvbit

Memory: 4k page, system-wide physical 8111M (1339M free)
TotalPageFile size 8109M (AvailPageFile size 31M)
current process WorkingSet (physical memory assigned to process): 9M, peak: 9M
current process commit charge ("private bytes"): 53M, peak: 180M

vm_info: Dynamic Code Evolution 64-Bit Server VM (11.0.10+9-b1341.41) for windows-amd64 JRE (11.0.10+9-b1341.41), built on Apr 17 2021 07:18:15 by "" with MS VC++ 14.0 (VS2015)

END.
